Using pre-set license
Built from '2020.3/staging' branch; Version is '2020.3.25f1 (9b9180224418) revision 10195328'; Using compiler version '192528614'; Build Type 'Release'
OS: 'Windows 10  (10.0.19044) 64bit Professional' Language: 'ru' Physical Memory: 8142 MB
BatchMode: 1, IsHumanControllingUs: 0, StartBugReporterOnCrash: 0, Is64bit: 1, IsPro: 0

COMMAND LINE ARGUMENTS:
D:\Kirill.documents\2020.3.25f1\Editor\Unity.exe
-adb2
-batchMode
-noUpm
-name
AssetImportWorker0
-projectPath
D:/Kirill.documents/project2
-logFile
Logs/AssetImportWorker0.log
-srvPort
57071
Successfully changed project path to: D:/Kirill.documents/project2
D:/Kirill.documents/project2
Using Asset Import Pipeline V2.
Refreshing native plugins compatible for Editor in 40.45 ms, found 2 plugins.
Preloading 0 native plugins for Editor in 0.00 ms.
Initialize engine version: 2020.3.25f1 (9b9180224418)
[Subsystems] Discovering subsystems at path D:/Kirill.documents/2020.3.25f1/Editor/Data/Resources/UnitySubsystems
[Subsystems] Discovering subsystems at path D:/Kirill.documents/project2/Assets
GfxDevice: creating device client; threaded=0
Direct3D:
    Version:  Direct3D 11.0 [level 11.1]
    Renderer: Radeon RX550/550 Series (ID=0x67ff)
    Vendor:   
    VRAM:     4075 MB
    Driver:   30.0.13023.1012
Initialize mono
Mono path[0] = 'D:/Kirill.documents/2020.3.25f1/Editor/Data/Managed'
Mono path[1] = 'D:/Kirill.documents/2020.3.25f1/Editor/Data/MonoBleedingEdge/lib/mono/unityjit'
Mono config path = 'D:/Kirill.documents/2020.3.25f1/Editor/Data/MonoBleedingEdge/etc'
Using monoOptions --debugger-agent=transport=dt_socket,embedding=1,server=y,suspend=n,address=127.0.0.1:56028
Begin MonoManager ReloadAssembly
Registering precompiled unity dll's ...
Register platform support module: D:/Kirill.documents/2020.3.25f1/Editor/Data/PlaybackEngines/WindowsStandaloneSupport/UnityEditor.WindowsStandalone.Extensions.dll
Registered in 0.001315 seconds.
Native extension for WindowsStandalone target not found
Refreshing native plugins compatible for Editor in 38.57 ms, found 2 plugins.
Preloading 0 native plugins for Editor in 0.00 ms.
Mono: successfully reloaded assembly
- Completed reload, in  0.660 seconds
Domain Reload Profiling:
	ReloadAssembly (660ms)
		BeginReloadAssembly (63ms)
			ExecutionOrderSort (0ms)
			DisableScriptedObjects (0ms)
			BackupInstance (0ms)
			ReleaseScriptingObjects (0ms)
			CreateAndSetChildDomain (1ms)
		EndReloadAssembly (515ms)
			LoadAssemblies (62ms)
			RebuildTransferFunctionScriptingTraits (0ms)
			SetupTypeCache (177ms)
			ReleaseScriptCaches (0ms)
			RebuildScriptCaches (32ms)
			SetupLoadedEditorAssemblies (191ms)
				LogAssemblyErrors (0ms)
				InitializePlatformSupportModulesInManaged (5ms)
				SetLoadedEditorAssemblies (0ms)
				RefreshPlugins (39ms)
				BeforeProcessingInitializeOnLoad (19ms)
				ProcessInitializeOnLoadAttributes (95ms)
				ProcessInitializeOnLoadMethodAttributes (33ms)
				AfterProcessingInitializeOnLoad (0ms)
				EditorAssembliesLoaded (0ms)
			ExecutionOrderSort2 (0ms)
			AwakeInstancesAfterBackupRestoration (0ms)
Platform modules already initialized, skipping
Registering precompiled user dll's ...
Registered in 0.003739 seconds.
Begin MonoManager ReloadAssembly
Native extension for WindowsStandalone target not found
Refreshing native plugins compatible for Editor in 0.41 ms, found 2 plugins.
Preloading 0 native plugins for Editor in 0.00 ms.
Mono: successfully reloaded assembly
- Completed reload, in  1.346 seconds
Domain Reload Profiling:
	ReloadAssembly (1347ms)
		BeginReloadAssembly (167ms)
			ExecutionOrderSort (0ms)
			DisableScriptedObjects (6ms)
			BackupInstance (0ms)
			ReleaseScriptingObjects (0ms)
			CreateAndSetChildDomain (20ms)
		EndReloadAssembly (1111ms)
			LoadAssemblies (317ms)
			RebuildTransferFunctionScriptingTraits (0ms)
			SetupTypeCache (320ms)
			ReleaseScriptCaches (0ms)
			RebuildScriptCaches (45ms)
			SetupLoadedEditorAssemblies (333ms)
				LogAssemblyErrors (0ms)
				InitializePlatformSupportModulesInManaged (5ms)
				SetLoadedEditorAssemblies (1ms)
				RefreshPlugins (0ms)
				BeforeProcessingInitializeOnLoad (82ms)
				ProcessInitializeOnLoadAttributes (232ms)
				ProcessInitializeOnLoadMethodAttributes (10ms)
				AfterProcessingInitializeOnLoad (3ms)
				EditorAssembliesLoaded (0ms)
			ExecutionOrderSort2 (0ms)
			AwakeInstancesAfterBackupRestoration (8ms)
Platform modules already initialized, skipping
========================================================================
Worker process is ready to serve import requests
Launched and connected shader compiler UnityShaderCompiler.exe after 0.05 seconds
Refreshing native plugins compatible for Editor in 0.40 ms, found 2 plugins.
Preloading 0 native plugins for Editor in 0.00 ms.
Unloading 1579 Unused Serialized files (Serialized files now loaded: 0)
System memory in use before: 98.2 MB.
System memory in use after: 98.4 MB.

Unloading 18 unused Assets to reduce memory usage. Loaded Objects now: 2040.
Total: 3.177400 ms (FindLiveObjects: 0.160300 ms CreateObjectMapping: 0.043700 ms MarkObjects: 2.947700 ms  DeleteObjects: 0.024700 ms)

AssetImportParameters requested are different than current active one (requested -> active):
  custom:framework-win-MediaFoundation: 216162199b28c13a410421893ffa2e32 -> 
  custom:video-decoder-ogg-theora: a1e56fd34408186e4bbccfd4996cb3dc -> 
  custom:container-muxer-webm: aa71ff27fc2769a1b78a27578f13a17b -> 
  custom:container-demuxer-webm: 4f35f7cbe854078d1ac9338744f61a02 -> 
  custom:container-demuxer-ogg: 62fdf1f143b41e24485cea50d1cbac27 -> 
  custom:video-encoder-webm-vp8: eb34c28f22e8b96e1ab97ce403110664 -> 
  custom:video-decoder-webm-vp8: 9c59270c3fd7afecdb556c50c9e8de78 -> 
  custom:audio-decoder-ogg-vorbis: bf7c407c2cedff20999df2af8eb42d56 -> 
  custom:audio-encoder-webm-vorbis: bf7c407c2cedff20999df2af8eb42d56 -> 
========================================================================
Received Import Request.
  path: Assets/Materials/Materials/New Material.mat
  artifactKey: Guid(441175096832c8b40944407c245e956f) Importer(815301076,1909f56bfc062723c751e8b465ee728b)
Start importing Assets/Materials/Materials/New Material.mat using Guid(441175096832c8b40944407c245e956f) Importer(815301076,1909f56bfc062723c751e8b465ee728b)  -> (artifact id: '0579c8925847c78d19d9fd2cba2bba24') in 0.180730 seconds 
  Import took 0.183458 seconds .

========================================================================
Received Import Request.
  Time since last request: 250.274521 seconds.
  path: Assets/Materials/Materials/gold.mat
  artifactKey: Guid(c67ba4ddbc003204b98ac94d9aca295d) Importer(815301076,1909f56bfc062723c751e8b465ee728b)
Start importing Assets/Materials/Materials/gold.mat using Guid(c67ba4ddbc003204b98ac94d9aca295d) Importer(815301076,1909f56bfc062723c751e8b465ee728b)  -> (artifact id: 'bf500944261b6420805722308f9248bd') in 0.013501 seconds 
  Import took 0.016576 seconds .

========================================================================
Received Import Request.
  Time since last request: 240.794029 seconds.
  path: Assets/Materials/Materials/material.mat
  artifactKey: Guid(c6db50527f877384ca898a8a00ef0bac) Importer(815301076,1909f56bfc062723c751e8b465ee728b)
Start importing Assets/Materials/Materials/material.mat using Guid(c6db50527f877384ca898a8a00ef0bac) Importer(815301076,1909f56bfc062723c751e8b465ee728b)  -> (artifact id: '6bd77d3f8f27ea0d1b45e284042be407') in 0.037806 seconds 
  Import took 0.040963 seconds .

========================================================================
Received Import Request.
  Time since last request: 221.463450 seconds.
  path: Assets/Materials/Pinky_3.png
  artifactKey: Guid(8198895e1188603428deb71a99b61d75) Importer(815301076,1909f56bfc062723c751e8b465ee728b)
Start importing Assets/Materials/Pinky_3.png using Guid(8198895e1188603428deb71a99b61d75) Importer(815301076,1909f56bfc062723c751e8b465ee728b)  -> (artifact id: 'd50c02de975daf90ee594bd190ed9773') in 0.066655 seconds 
  Import took 0.069722 seconds .

========================================================================
Received Import Request.
  Time since last request: 6.797108 seconds.
  path: Assets/Materials/New Material.mat
  artifactKey: Guid(8f0353b2e8d7e4b43b695ffe391a4c96) Importer(815301076,1909f56bfc062723c751e8b465ee728b)
Start importing Assets/Materials/New Material.mat using Guid(8f0353b2e8d7e4b43b695ffe391a4c96) Importer(815301076,1909f56bfc062723c751e8b465ee728b)  -> (artifact id: 'f1c2192af8c3c1fb8855a4530d253ee9') in 0.010092 seconds 
  Import took 0.012920 seconds .

========================================================================
Received Import Request.
  Time since last request: 119.181323 seconds.
  path: Assets/Materials/sky.mat
  artifactKey: Guid(8f0353b2e8d7e4b43b695ffe391a4c96) Importer(815301076,1909f56bfc062723c751e8b465ee728b)
Start importing Assets/Materials/sky.mat using Guid(8f0353b2e8d7e4b43b695ffe391a4c96) Importer(815301076,1909f56bfc062723c751e8b465ee728b)  -> (artifact id: '72b14dd92ae87be441cfe3952c4c7167') in 0.012391 seconds 
  Import took 0.015355 seconds .

========================================================================
Received Import Request.
  Time since last request: 18.903686 seconds.
  path: Assets/Materials/sky.mat
  artifactKey: Guid(8f0353b2e8d7e4b43b695ffe391a4c96) Importer(815301076,1909f56bfc062723c751e8b465ee728b)
Start importing Assets/Materials/sky.mat using Guid(8f0353b2e8d7e4b43b695ffe391a4c96) Importer(815301076,1909f56bfc062723c751e8b465ee728b)  -> (artifact id: 'd59c3c2ee6bbdd36d842f755a3bd364e') in 0.011966 seconds 
  Import took 0.014753 seconds .

========================================================================
Received Import Request.
  Time since last request: 3.811233 seconds.
  path: Assets/Materials/Materials/material.mat
  artifactKey: Guid(c6db50527f877384ca898a8a00ef0bac) Importer(815301076,1909f56bfc062723c751e8b465ee728b)
Start importing Assets/Materials/Materials/material.mat using Guid(c6db50527f877384ca898a8a00ef0bac) Importer(815301076,1909f56bfc062723c751e8b465ee728b)  -> (artifact id: '452d61245ea8368572788c80bb1f7814') in 0.016006 seconds 
  Import took 0.018734 seconds .

AssetImportWorkerClient::OnTransportError - code=2 error=End of file
