Using pre-set license
Built from '2020.3/staging' branch; Version is '2020.3.25f1 (9b9180224418) revision 10195328'; Using compiler version '192528614'; Build Type 'Release'
OS: 'Windows 10  (10.0.19044) 64bit Professional' Language: 'ru' Physical Memory: 8142 MB
BatchMode: 1, IsHumanControllingUs: 0, StartBugReporterOnCrash: 0, Is64bit: 1, IsPro: 0

COMMAND LINE ARGUMENTS:
D:\Kirill.documents\2020.3.25f1\Editor\Unity.exe
-adb2
-batchMode
-noUpm
-name
AssetImportWorker0
-projectPath
D:/Kirill.documents/project2
-logFile
Logs/AssetImportWorker0.log
-srvPort
56190
Successfully changed project path to: D:/Kirill.documents/project2
D:/Kirill.documents/project2
Using Asset Import Pipeline V2.
Refreshing native plugins compatible for Editor in 43.87 ms, found 2 plugins.
Preloading 0 native plugins for Editor in 0.00 ms.
Initialize engine version: 2020.3.25f1 (9b9180224418)
[Subsystems] Discovering subsystems at path D:/Kirill.documents/2020.3.25f1/Editor/Data/Resources/UnitySubsystems
[Subsystems] Discovering subsystems at path D:/Kirill.documents/project2/Assets
GfxDevice: creating device client; threaded=0
Direct3D:
    Version:  Direct3D 11.0 [level 11.1]
    Renderer: Radeon RX550/550 Series (ID=0x67ff)
    Vendor:   
    VRAM:     4075 MB
    Driver:   30.0.13023.1012
Initialize mono
Mono path[0] = 'D:/Kirill.documents/2020.3.25f1/Editor/Data/Managed'
Mono path[1] = 'D:/Kirill.documents/2020.3.25f1/Editor/Data/MonoBleedingEdge/lib/mono/unityjit'
Mono config path = 'D:/Kirill.documents/2020.3.25f1/Editor/Data/MonoBleedingEdge/etc'
Using monoOptions --debugger-agent=transport=dt_socket,embedding=1,server=y,suspend=n,address=127.0.0.1:56356
Begin MonoManager ReloadAssembly
Registering precompiled unity dll's ...
Register platform support module: D:/Kirill.documents/2020.3.25f1/Editor/Data/PlaybackEngines/WindowsStandaloneSupport/UnityEditor.WindowsStandalone.Extensions.dll
Registered in 0.001316 seconds.
Native extension for WindowsStandalone target not found
Refreshing native plugins compatible for Editor in 38.74 ms, found 2 plugins.
Preloading 0 native plugins for Editor in 0.00 ms.
Mono: successfully reloaded assembly
- Completed reload, in  0.659 seconds
Domain Reload Profiling:
	ReloadAssembly (659ms)
		BeginReloadAssembly (62ms)
			ExecutionOrderSort (0ms)
			DisableScriptedObjects (0ms)
			BackupInstance (0ms)
			ReleaseScriptingObjects (0ms)
			CreateAndSetChildDomain (1ms)
		EndReloadAssembly (515ms)
			LoadAssemblies (61ms)
			RebuildTransferFunctionScriptingTraits (0ms)
			SetupTypeCache (176ms)
			ReleaseScriptCaches (0ms)
			RebuildScriptCaches (33ms)
			SetupLoadedEditorAssemblies (192ms)
				LogAssemblyErrors (0ms)
				InitializePlatformSupportModulesInManaged (5ms)
				SetLoadedEditorAssemblies (0ms)
				RefreshPlugins (39ms)
				BeforeProcessingInitializeOnLoad (19ms)
				ProcessInitializeOnLoadAttributes (95ms)
				ProcessInitializeOnLoadMethodAttributes (34ms)
				AfterProcessingInitializeOnLoad (0ms)
				EditorAssembliesLoaded (0ms)
			ExecutionOrderSort2 (0ms)
			AwakeInstancesAfterBackupRestoration (0ms)
Platform modules already initialized, skipping
Registering precompiled user dll's ...
Registered in 0.003701 seconds.
Begin MonoManager ReloadAssembly
Native extension for WindowsStandalone target not found
Refreshing native plugins compatible for Editor in 0.41 ms, found 2 plugins.
Preloading 0 native plugins for Editor in 0.00 ms.
Mono: successfully reloaded assembly
- Completed reload, in  1.142 seconds
Domain Reload Profiling:
	ReloadAssembly (1143ms)
		BeginReloadAssembly (166ms)
			ExecutionOrderSort (0ms)
			DisableScriptedObjects (6ms)
			BackupInstance (0ms)
			ReleaseScriptingObjects (0ms)
			CreateAndSetChildDomain (20ms)
		EndReloadAssembly (908ms)
			LoadAssemblies (99ms)
			RebuildTransferFunctionScriptingTraits (0ms)
			SetupTypeCache (318ms)
			ReleaseScriptCaches (0ms)
			RebuildScriptCaches (49ms)
			SetupLoadedEditorAssemblies (338ms)
				LogAssemblyErrors (0ms)
				InitializePlatformSupportModulesInManaged (5ms)
				SetLoadedEditorAssemblies (1ms)
				RefreshPlugins (0ms)
				BeforeProcessingInitializeOnLoad (84ms)
				ProcessInitializeOnLoadAttributes (234ms)
				ProcessInitializeOnLoadMethodAttributes (11ms)
				AfterProcessingInitializeOnLoad (3ms)
				EditorAssembliesLoaded (0ms)
			ExecutionOrderSort2 (0ms)
			AwakeInstancesAfterBackupRestoration (8ms)
Platform modules already initialized, skipping
========================================================================
Worker process is ready to serve import requests
Launched and connected shader compiler UnityShaderCompiler.exe after 0.05 seconds
Refreshing native plugins compatible for Editor in 0.40 ms, found 2 plugins.
Preloading 0 native plugins for Editor in 0.00 ms.
Unloading 1579 Unused Serialized files (Serialized files now loaded: 0)
System memory in use before: 97.5 MB.
System memory in use after: 97.5 MB.

Unloading 19 unused Assets to reduce memory usage. Loaded Objects now: 2034.
Total: 3.186500 ms (FindLiveObjects: 0.161900 ms CreateObjectMapping: 0.042000 ms MarkObjects: 2.873700 ms  DeleteObjects: 0.107700 ms)

AssetImportParameters requested are different than current active one (requested -> active):
  custom:framework-win-MediaFoundation: 216162199b28c13a410421893ffa2e32 -> 
  custom:video-decoder-ogg-theora: a1e56fd34408186e4bbccfd4996cb3dc -> 
  custom:container-muxer-webm: aa71ff27fc2769a1b78a27578f13a17b -> 
  custom:container-demuxer-webm: 4f35f7cbe854078d1ac9338744f61a02 -> 
  custom:container-demuxer-ogg: 62fdf1f143b41e24485cea50d1cbac27 -> 
  custom:video-encoder-webm-vp8: eb34c28f22e8b96e1ab97ce403110664 -> 
  custom:video-decoder-webm-vp8: 9c59270c3fd7afecdb556c50c9e8de78 -> 
  custom:audio-decoder-ogg-vorbis: bf7c407c2cedff20999df2af8eb42d56 -> 
  custom:audio-encoder-webm-vorbis: bf7c407c2cedff20999df2af8eb42d56 -> 
========================================================================
Received Import Request.
  path: Assets/Materials/texturs/fonstola.ru_48703_1440x900.jpg
  artifactKey: Guid(33ee538c33f04cb408a9f839b4889b9a) Importer(815301076,1909f56bfc062723c751e8b465ee728b)
Start importing Assets/Materials/texturs/fonstola.ru_48703_1440x900.jpg using Guid(33ee538c33f04cb408a9f839b4889b9a) Importer(815301076,1909f56bfc062723c751e8b465ee728b)  -> (artifact id: '616bbee5a812a3def1f0aba6618450a7') in 0.100811 seconds 
  Import took 0.103348 seconds .

========================================================================
Received Import Request.
  Time since last request: 0.000267 seconds.
  path: Assets/Materials/texturs/1019980963.jpg
  artifactKey: Guid(6262a90428aa523478b4dde92709534b) Importer(815301076,1909f56bfc062723c751e8b465ee728b)
Start importing Assets/Materials/texturs/1019980963.jpg using Guid(6262a90428aa523478b4dde92709534b) Importer(815301076,1909f56bfc062723c751e8b465ee728b)  -> (artifact id: '6a543ebfe53b6c4e79c6cab0bcd01d1e') in 0.014179 seconds 
  Import took 0.016628 seconds .

========================================================================
Received Import Request.
  Time since last request: 25.661784 seconds.
  path: Assets/Materials/Materials/kirpich.mat
  artifactKey: Guid(6a48e4fc3c9ba964eaf5fab33f3e13f9) Importer(815301076,1909f56bfc062723c751e8b465ee728b)
Start importing Assets/Materials/Materials/kirpich.mat using Guid(6a48e4fc3c9ba964eaf5fab33f3e13f9) Importer(815301076,1909f56bfc062723c751e8b465ee728b)  -> (artifact id: '010611d0fd71e6f2d3d0f5770bccbc5a') in 0.107939 seconds 
  Import took 0.110760 seconds .

========================================================================
Received Import Request.
  Time since last request: 34.855039 seconds.
  path: Assets/Materials/New Material.mat
  artifactKey: Guid(d4468e7966efb1f479ab4bbf496e7a66) Importer(815301076,1909f56bfc062723c751e8b465ee728b)
Start importing Assets/Materials/New Material.mat using Guid(d4468e7966efb1f479ab4bbf496e7a66) Importer(815301076,1909f56bfc062723c751e8b465ee728b)  -> (artifact id: 'd23592f21fdf2ca7d239a9d6e2018ba8') in 0.010516 seconds 
  Import took 0.013311 seconds .

========================================================================
Received Import Request.
  Time since last request: 82.020934 seconds.
  path: Assets/Materials/Materials/metall.mat
  artifactKey: Guid(d4468e7966efb1f479ab4bbf496e7a66) Importer(815301076,1909f56bfc062723c751e8b465ee728b)
Start importing Assets/Materials/Materials/metall.mat using Guid(d4468e7966efb1f479ab4bbf496e7a66) Importer(815301076,1909f56bfc062723c751e8b465ee728b)  -> (artifact id: '25d00137eadc4f0163fbb41a845408ee') in 0.011112 seconds 
  Import took 0.014006 seconds .

========================================================================
Received Import Request.
  Time since last request: 10.219839 seconds.
  path: Assets/Materials/Materials/New Material.mat
  artifactKey: Guid(3484bc186b2eea74f93ed354c67c2622) Importer(815301076,1909f56bfc062723c751e8b465ee728b)
Start importing Assets/Materials/Materials/New Material.mat using Guid(3484bc186b2eea74f93ed354c67c2622) Importer(815301076,1909f56bfc062723c751e8b465ee728b)  -> (artifact id: 'c70bca20b3f2689af23da5df1d6b2eef') in 0.009267 seconds 
  Import took 0.012009 seconds .

========================================================================
Received Import Request.
  Time since last request: 1385.186193 seconds.
  path: Assets/New Material.mat
  artifactKey: Guid(dc7c7bdebb74fe549a7e6d778c0e4fb4) Importer(815301076,1909f56bfc062723c751e8b465ee728b)
Start importing Assets/New Material.mat using Guid(dc7c7bdebb74fe549a7e6d778c0e4fb4) Importer(815301076,1909f56bfc062723c751e8b465ee728b)  -> (artifact id: 'f1a81a6ee8c43322711b164c924376fe') in 0.014223 seconds 
  Import took 0.017396 seconds .

========================================================================
Received Import Request.
  Time since last request: 404.477627 seconds.
  path: Assets/Materials/Materials/New Material.mat
  artifactKey: Guid(3484bc186b2eea74f93ed354c67c2622) Importer(815301076,1909f56bfc062723c751e8b465ee728b)
Start importing Assets/Materials/Materials/New Material.mat using Guid(3484bc186b2eea74f93ed354c67c2622) Importer(815301076,1909f56bfc062723c751e8b465ee728b)  -> (artifact id: '9b10ca80b813e392d84d4425a33e2edb') in 0.011204 seconds 
  Import took 0.014223 seconds .

AssetImportWorkerClient::OnTransportError - code=2 error=End of file
